  [1m[35m (640.1ms)[0m  [1m[35mCREATE DATABASE "prospective_parents_development" ENCODING = 'unicode'[0m
  ↳ /Users/learn/.rvm/gems/ruby-2.3.1/gems/rake-12.3.1/lib/rake/task.rb:271
  [1m[35m (453.1ms)[0m  [1m[35mCREATE DATABASE "prospective_parents_test" ENCODING = 'unicode'[0m
  ↳ /Users/learn/.rvm/gems/ruby-2.3.1/gems/rake-12.3.1/lib/rake/task.rb:271
  [1m[35m (48.1ms)[0m  [1m[35mCREATE TABLE "schema_migrations" ("version" character varying NOT NULL PRIMARY KEY)[0m
  ↳ /Users/learn/.rvm/gems/ruby-2.3.1/gems/rake-12.3.1/lib/rake/task.rb:271
  [1m[35m (43.6ms)[0m  [1m[35mCREATE TABLE "ar_internal_metadata" ("key" character varying NOT NULL PRIMARY KEY, "value" character varying, "created_at" timestamp NOT NULL, "updated_at" timestamp NOT NULL)[0m
  ↳ /Users/learn/.rvm/gems/ruby-2.3.1/gems/rake-12.3.1/lib/rake/task.rb:271
  [1m[35m (0.2ms)[0m  [1m[34mSELECT pg_try_advisory_lock(4723729532334424920)[0m
  ↳ /Users/learn/.rvm/gems/ruby-2.3.1/gems/rake-12.3.1/lib/rake/task.rb:271
  [1m[35m (0.8ms)[0m  [1m[34mSELECT "schema_migrations"."version" FROM "schema_migrations" ORDER BY "schema_migrations"."version" ASC[0m
  ↳ /Users/learn/.rvm/gems/ruby-2.3.1/gems/rake-12.3.1/lib/rake/task.rb:271
Migrating to CreateParents (20180910202752)
  [1m[35m (0.2ms)[0m  [1m[35mBEGIN[0m
  ↳ /Users/learn/.rvm/gems/ruby-2.3.1/gems/rake-12.3.1/lib/rake/task.rb:271
  [1m[35m (43.5ms)[0m  [1m[35mCREATE TABLE "parents" ("id" bigserial primary key, "name" character varying, "petname" character varying, "email" character varying, "phone" character varying, "interest" text, "created_at" timestamp NOT NULL, "updated_at" timestamp NOT NULL)[0m
  ↳ db/migrate/20180910202752_create_parents.rb:3
  [1m[36mActiveRecord::SchemaMigration Create (0.6ms)[0m  [1m[32mINSERT INTO "schema_migrations" ("version") VALUES ($1) RETURNING "version"[0m  [["version", "20180910202752"]]
  ↳ /Users/learn/.rvm/gems/ruby-2.3.1/gems/rake-12.3.1/lib/rake/task.rb:271
  [1m[35m (0.6ms)[0m  [1m[35mCOMMIT[0m
  ↳ /Users/learn/.rvm/gems/ruby-2.3.1/gems/rake-12.3.1/lib/rake/task.rb:271
  [1m[36mActiveRecord::InternalMetadata Load (0.5ms)[0m  [1m[34mSELECT  "ar_internal_metadata".* FROM "ar_internal_metadata" WHERE "ar_internal_metadata"."key" = $1 LIMIT $2[0m  [["key", "environment"], ["LIMIT", 1]]
  ↳ /Users/learn/.rvm/gems/ruby-2.3.1/gems/rake-12.3.1/lib/rake/task.rb:271
  [1m[35m (0.1ms)[0m  [1m[35mBEGIN[0m
  ↳ /Users/learn/.rvm/gems/ruby-2.3.1/gems/rake-12.3.1/lib/rake/task.rb:271
  [1m[36mActiveRecord::InternalMetadata Create (0.3ms)[0m  [1m[32mINSERT INTO "ar_internal_metadata" ("key", "value", "created_at", "updated_at") VALUES ($1, $2, $3, $4) RETURNING "key"[0m  [["key", "environment"], ["value", "development"], ["created_at", "2018-09-10 20:37:28.693484"], ["updated_at", "2018-09-10 20:37:28.693484"]]
  ↳ /Users/learn/.rvm/gems/ruby-2.3.1/gems/rake-12.3.1/lib/rake/task.rb:271
  [1m[35m (39.9ms)[0m  [1m[35mCOMMIT[0m
  ↳ /Users/learn/.rvm/gems/ruby-2.3.1/gems/rake-12.3.1/lib/rake/task.rb:271
  [1m[35m (0.3ms)[0m  [1m[34mSELECT pg_advisory_unlock(4723729532334424920)[0m
  ↳ /Users/learn/.rvm/gems/ruby-2.3.1/gems/rake-12.3.1/lib/rake/task.rb:271
  [1m[35m (0.3ms)[0m  [1m[34mSELECT "schema_migrations"."version" FROM "schema_migrations" ORDER BY "schema_migrations"."version" ASC[0m
  ↳ /Users/learn/.rvm/gems/ruby-2.3.1/gems/rake-12.3.1/lib/rake/task.rb:271
  [1m[36mParent Load (0.3ms)[0m  [1m[34mSELECT  "parents".* FROM "parents" LIMIT $1[0m  [["LIMIT", 11]]
  [1m[35m (0.5ms)[0m  [1m[34mSELECT "schema_migrations"."version" FROM "schema_migrations" ORDER BY "schema_migrations"."version" ASC[0m
  ↳ /Users/learn/.rvm/gems/ruby-2.3.1/gems/rake-12.3.1/lib/rake/task.rb:271
  [1m[35m (0.3ms)[0m  [1m[35mBEGIN[0m
  ↳ db/seeds.rb:21
  [1m[36mParent Create (0.6ms)[0m  [1m[32mINSERT INTO "parents" ("name", "petname", "email", "phone", "interest", "created_at", "updated_at") VALUES ($1, $2, $3, $4, $5, $6, $7) RETURNING "id"[0m  [["name", "Stacey"], ["petname", "Siracha"], ["email", "staceyjo@email.com"], ["phone", "5555555555"], ["interest", "I love Siracha!"], ["created_at", "2018-09-10 20:45:33.734566"], ["updated_at", "2018-09-10 20:45:33.734566"]]
  ↳ db/seeds.rb:21
  [1m[35m (40.7ms)[0m  [1m[35mCOMMIT[0m
  ↳ db/seeds.rb:21
  [1m[36mParent Load (0.3ms)[0m  [1m[34mSELECT  "parents".* FROM "parents" LIMIT $1[0m  [["LIMIT", 11]]
Started GET "/requestcat" for ::1 at 2018-09-10 14:51:00 -0700
  [1m[35m (0.5ms)[0m  [1m[34mSELECT "schema_migrations"."version" FROM "schema_migrations" ORDER BY "schema_migrations"."version" ASC[0m
  ↳ /Users/learn/.rvm/gems/ruby-2.3.1/gems/rack-cors-1.0.2/lib/rack/cors.rb:97
  
ActionController::RoutingError (No route matches [GET] "/requestcat"):
  
actionpack (5.2.1) lib/action_dispatch/middleware/debug_exceptions.rb:65:in `call'
actionpack (5.2.1) lib/action_dispatch/middleware/show_exceptions.rb:33:in `call'
railties (5.2.1) lib/rails/rack/logger.rb:38:in `call_app'
railties (5.2.1) lib/rails/rack/logger.rb:26:in `block in call'
activesupport (5.2.1) lib/active_support/tagged_logging.rb:71:in `block in tagged'
activesupport (5.2.1) lib/active_support/tagged_logging.rb:28:in `tagged'
activesupport (5.2.1) lib/active_support/tagged_logging.rb:71:in `tagged'
railties (5.2.1) lib/rails/rack/logger.rb:26:in `call'
actionpack (5.2.1) lib/action_dispatch/middleware/remote_ip.rb:81:in `call'
actionpack (5.2.1) lib/action_dispatch/middleware/request_id.rb:27:in `call'
rack (2.0.5) lib/rack/runtime.rb:22:in `call'
activesupport (5.2.1) lib/active_support/cache/strategy/local_cache_middleware.rb:29:in `call'
actionpack (5.2.1) lib/action_dispatch/middleware/executor.rb:14:in `call'
actionpack (5.2.1) lib/action_dispatch/middleware/static.rb:127:in `call'
rack (2.0.5) lib/rack/sendfile.rb:111:in `call'
rack-cors (1.0.2) lib/rack/cors.rb:97:in `call'
railties (5.2.1) lib/rails/engine.rb:524:in `call'
puma (3.12.0) lib/puma/configuration.rb:225:in `call'
puma (3.12.0) lib/puma/server.rb:658:in `handle_request'
puma (3.12.0) lib/puma/server.rb:472:in `process_client'
puma (3.12.0) lib/puma/server.rb:332:in `block in run'
puma (3.12.0) lib/puma/thread_pool.rb:133:in `block in spawn_thread'
Started GET "/favicon.ico" for ::1 at 2018-09-10 14:51:01 -0700
  
ActionController::RoutingError (No route matches [GET] "/favicon.ico"):
  
actionpack (5.2.1) lib/action_dispatch/middleware/debug_exceptions.rb:65:in `call'
actionpack (5.2.1) lib/action_dispatch/middleware/show_exceptions.rb:33:in `call'
railties (5.2.1) lib/rails/rack/logger.rb:38:in `call_app'
railties (5.2.1) lib/rails/rack/logger.rb:26:in `block in call'
activesupport (5.2.1) lib/active_support/tagged_logging.rb:71:in `block in tagged'
activesupport (5.2.1) lib/active_support/tagged_logging.rb:28:in `tagged'
activesupport (5.2.1) lib/active_support/tagged_logging.rb:71:in `tagged'
railties (5.2.1) lib/rails/rack/logger.rb:26:in `call'
actionpack (5.2.1) lib/action_dispatch/middleware/remote_ip.rb:81:in `call'
actionpack (5.2.1) lib/action_dispatch/middleware/request_id.rb:27:in `call'
rack (2.0.5) lib/rack/runtime.rb:22:in `call'
activesupport (5.2.1) lib/active_support/cache/strategy/local_cache_middleware.rb:29:in `call'
actionpack (5.2.1) lib/action_dispatch/middleware/executor.rb:14:in `call'
actionpack (5.2.1) lib/action_dispatch/middleware/static.rb:127:in `call'
rack (2.0.5) lib/rack/sendfile.rb:111:in `call'
rack-cors (1.0.2) lib/rack/cors.rb:97:in `call'
railties (5.2.1) lib/rails/engine.rb:524:in `call'
puma (3.12.0) lib/puma/configuration.rb:225:in `call'
puma (3.12.0) lib/puma/server.rb:658:in `handle_request'
puma (3.12.0) lib/puma/server.rb:472:in `process_client'
puma (3.12.0) lib/puma/server.rb:332:in `block in run'
puma (3.12.0) lib/puma/thread_pool.rb:133:in `block in spawn_thread'
Started GET "/parents" for ::1 at 2018-09-10 14:52:39 -0700
Processing by ParentsController#index as HTML
Completed 204 No Content in 0ms (ActiveRecord: 0.0ms)


Started GET "/parents" for ::1 at 2018-09-10 14:52:57 -0700
Processing by ParentsController#index as HTML
Completed 204 No Content in 0ms (ActiveRecord: 0.0ms)


Started GET "/parents" for ::1 at 2018-09-10 14:53:14 -0700
Processing by ParentsController#index as HTML
Completed 204 No Content in 0ms (ActiveRecord: 0.0ms)


Started GET "/parents" for ::1 at 2018-09-10 14:53:18 -0700
Processing by ParentsController#index as HTML
Completed 204 No Content in 0ms (ActiveRecord: 0.0ms)


Started GET "/parents" for ::1 at 2018-09-10 14:54:54 -0700
Processing by ParentsController#index as HTML
  [1m[36mParent Load (0.5ms)[0m  [1m[34mSELECT "parents".* FROM "parents"[0m
  ↳ app/controllers/parents_controller.rb:5
Completed 200 OK in 53ms (Views: 16.0ms | ActiveRecord: 3.9ms)


Started POST "/parents" for ::1 at 2018-09-10 14:58:20 -0700
  [1m[35m (0.5ms)[0m  [1m[34mSELECT "schema_migrations"."version" FROM "schema_migrations" ORDER BY "schema_migrations"."version" ASC[0m
  ↳ /Users/learn/.rvm/gems/ruby-2.3.1/gems/rack-cors-1.0.2/lib/rack/cors.rb:97
Processing by ParentsController#create as */*
  Parameters: {"name"=>"gfdhdfgh", "petname"=>"gdfhgf", "email"=>"fdghdfgh", "phone"=>"435634", "interest"=>"fgrghfg", "parent"=>{"name"=>"gfdhdfgh", "petname"=>"gdfhgf", "email"=>"fdghdfgh", "phone"=>"435634", "interest"=>"fgrghfg"}}
Completed 500 Internal Server Error in 2ms (ActiveRecord: 2.9ms)


  
NoMethodError (undefined method `permit' for :parent:Symbol
Did you mean?  print):
  
app/controllers/parents_controller.rb:18:in `parent_params'
app/controllers/parents_controller.rb:9:in `create'
Started POST "/parents" for ::1 at 2018-09-10 15:12:06 -0700
  [1m[35m (0.5ms)[0m  [1m[34mSELECT "schema_migrations"."version" FROM "schema_migrations" ORDER BY "schema_migrations"."version" ASC[0m
  ↳ /Users/learn/.rvm/gems/ruby-2.3.1/gems/rack-cors-1.0.2/lib/rack/cors.rb:97
Processing by ParentsController#create as */*
  Parameters: {"parent"=>{"name"=>"asdfasd", "petname"=>"asdfasd", "email"=>"asdf", "phone"=>"asdf", "interest"=>"asdf"}}
  [1m[35m (7.1ms)[0m  [1m[35mBEGIN[0m
  ↳ app/controllers/parents_controller.rb:9
  [1m[36mParent Create (3.1ms)[0m  [1m[32mINSERT INTO "parents" ("name", "petname", "email", "phone", "interest", "created_at", "updated_at") VALUES ($1, $2, $3, $4, $5, $6, $7) RETURNING "id"[0m  [["name", "asdfasd"], ["petname", "asdfasd"], ["email", "asdf"], ["phone", "asdf"], ["interest", "asdf"], ["created_at", "2018-09-10 22:12:07.013034"], ["updated_at", "2018-09-10 22:12:07.013034"]]
  ↳ app/controllers/parents_controller.rb:9
  [1m[35m (1.2ms)[0m  [1m[35mCOMMIT[0m
  ↳ app/controllers/parents_controller.rb:9
Completed 200 OK in 81ms (Views: 0.8ms | ActiveRecord: 35.6ms)


Started GET "/parents" for ::1 at 2018-09-10 15:14:35 -0700
Processing by ParentsController#index as HTML
  [1m[36mParent Load (0.6ms)[0m  [1m[34mSELECT "parents".* FROM "parents"[0m
  ↳ app/controllers/parents_controller.rb:5
Completed 200 OK in 8ms (Views: 7.0ms | ActiveRecord: 0.6ms)


